<?xml version="1.0" encoding="UTF-8"?>
<testsuite xmlns:xsi="http://www.w3.org/2001/XMLSchema-instance" xsi:noNamespaceSchemaLocation="https://maven.apache.org/surefire/maven-surefire-plugin/xsd/surefire-test-report.xsd" name="com.runners.TestRunner" time="204.634" tests="29" errors="3" skipped="0" failures="5">
  <properties>
[...]
</properties>
  <testcase name="Adicionar e remover elementos" classname="Add/Remove Elements" time="5.971"/>
  <testcase name="Verificar se o botão &quot;Add Element&quot; está visível" classname="Add/Remove Elements" time="4.083"/>
  <testcase name="Verificar se quando estou na página pela primeira vez o botão &quot;Delete&quot; não está visível" classname="Add/Remove Elements" time="4.087"/>
  <testcase name="Verificar se o botão &quot;Delete&quot; está visível após adicionar um elemento" classname="Add/Remove Elements" time="4.404"/>
  <testcase name="Verificar se há um limite de 50 elementos" classname="Add/Remove Elements" time="16.379"/>
  <testcase name="Verificar se o botão &quot;Delete&quot; remove o elemento" classname="Add/Remove Elements" time="4.583"/>
  <testcase name="Verificar se o botão &quot;Delete&quot; remove o elemento correto" classname="Add/Remove Elements" time="5.27"/>
  <testcase name="Verificar se é possível adicionar e remover elementos indefinidamente" classname="Add/Remove Elements" time="51.349"/>
  <testcase name="Verificar se é possível deletar todos os elementos em qualquer ordem" classname="Add/Remove Elements" time="5.59"/>
  <testcase name="Validar que o botão &quot;Delete&quot; não remove elementos que não foram adicionados" classname="Add/Remove Elements" time="7.219"/>
  <testcase name="Validar que os botões &quot;Add Element&quot; e &quot;Delete&quot; são visíveis" classname="Add/Remove Elements" time="3.979"/>
  <testcase name="O nome da página é Add/Remove Elements" classname="Add/Remove Elements" time="4.014">
    <failure message="expected:&lt;[Add/Remove Elements]&gt; but was:&lt;[The Internet]&gt;" type="org.junit.ComparisonFailure"><![CDATA[org.junit.ComparisonFailure: expected:<[Add/Remove Elements]> but was:<[The Internet]>
]]></failure>
    <system-out><![CDATA[
Scenario: O nome da página é Add/Remove Elements          &amp#27;[90m# src/test/resources/features/AddRemoveElements.feature:64&amp#27;[0m
  &amp#27;[32mGiven &amp#27;[0m&amp#27;[32mque estou na pagina &amp#27;[0m&amp#27;[32m&amp#27;[1m"Add/Remove Elements"&amp#27;[0m         &amp#27;[90m# com.steps.AddRemoveElementsSteps.que_estou_na_pagina_add_remove_elements(java.lang.String)&amp#27;[0m
  &amp#27;[31mThen &amp#27;[0m&amp#27;[31meu devo ver o nome da página &amp#27;[0m&amp#27;[31m&amp#27;[1m"Add/Remove Elements"&amp#27;[0m &amp#27;[90m# com.steps.AddRemoveElementsSteps.eu_devo_ver_o_nome_da_pagina(java.lang.String)&amp#27;[0m
      &amp#27;[31morg.junit.ComparisonFailure: expected:<[Add/Remove Elements]> but was:<[The Internet]>
	at org.junit.Assert.assertEquals(Assert.java:117)
	at org.junit.Assert.assertEquals(Assert.java:146)
	at com.steps.AddRemoveElementsSteps.eu_devo_ver_o_nome_da_pagina(AddRemoveElementsSteps.java:88)
	at ✽.eu devo ver o nome da página "Add/Remove Elements"(file:///C:/Users/Arthur/Documents/the-internet-selenium-java/src/test/resources/features/AddRemoveElements.feature:66)
&amp#27;[0m
]]></system-out>
  </testcase>
  <testcase name="Os botões de &quot;Delete&quot; têm o texto &quot;Delete&quot;" classname="Add/Remove Elements" time="4.416"/>
  <testcase name="Os botões de &quot;Delete&quot; têm o mesmo tamanho" classname="Add/Remove Elements" time="4.844"/>
  <testcase name="O botão &quot;Add Element&quot; tem o texto &quot;Add Element&quot;" classname="Add/Remove Elements" time="4.031"/>
  <testcase name="O botão de &quot;Delete&quot; tem a mesma cor de fundo que o &quot;Add Element&quot;" classname="Add/Remove Elements" time="4.519">
    <error message="TODO: implement me" type="io.cucumber.java.PendingException">io.cucumber.java.PendingException: TODO: implement me
</error>
    <system-out><![CDATA[
Scenario: O botão de "Delete" tem a mesma cor de fundo que o "Add Element"                 &amp#27;[90m# src/test/resources/features/AddRemoveElements.feature:82&amp#27;[0m
  &amp#27;[32mGiven &amp#27;[0m&amp#27;[32mque estou na pagina &amp#27;[0m&amp#27;[32m&amp#27;[1m"Add/Remove Elements"&amp#27;[0m                                          &amp#27;[90m# com.steps.AddRemoveElementsSteps.que_estou_na_pagina_add_remove_elements(java.lang.String)&amp#27;[0m
  &amp#27;[33mThen &amp#27;[0m&amp#27;[33meu devo ver que o botão &amp#27;[0m&amp#27;[33m&amp#27;[1m"Delete"&amp#27;[0m&amp#27;[33m tem a mesma cor de fundo que o botão &amp#27;[0m&amp#27;[33m&amp#27;[1m"Add Element"&amp#27;[0m &amp#27;[90m# com.steps.AddRemoveElementsSteps.eu_devo_ver_que_o_botao_tem_a_mesma_cor_de_fundo_que_o_botao(java.lang.String,java.lang.String)&amp#27;[0m
      &amp#27;[33mio.cucumber.java.PendingException: TODO: implement me
	at com.steps.AddRemoveElementsSteps.eu_devo_ver_que_o_botao_tem_a_mesma_cor_de_fundo_que_o_botao(AddRemoveElementsSteps.java:105)
	at ✽.eu devo ver que o botão "Delete" tem a mesma cor de fundo que o botão "Add Element"(file:///C:/Users/Arthur/Documents/the-internet-selenium-java/src/test/resources/features/AddRemoveElements.feature:84)
&amp#27;[0m
]]></system-out>
  </testcase>
  <testcase name="O botão &quot;Add Element&quot; tem a cor de fundo &quot;rgb(43, 166, 203)&quot;" classname="Add/Remove Elements" time="4.112"/>
  <testcase name="O botão &quot;Delete&quot; tem a cor de fundo &quot;rgb(43, 166, 203)&quot;" classname="Add/Remove Elements" time="4.186"/>
  <testcase name="O plano de fundo da página é branco" classname="Add/Remove Elements" time="4.136"/>
  <testcase name="Verificar se o login obtem sucesso com usuário e senha corretos" classname="Pagina de Basic Auth" time="4.957">
    <error message="Build info: version: &apos;4.23.0&apos;, revision: &apos;4df0a231af&apos;&#10;System info: os.name: &apos;Windows 11&apos;, os.arch: &apos;amd64&apos;, os.version: &apos;10.0&apos;, java.version: &apos;22.0.2&apos;&#10;Driver info: org.openqa.selenium.firefox.FirefoxDriver&#10;Command: [533d3abf-5ea8-4eb6-855f-27801e8815d7, getAlertText {}]&#10;Capabilities {acceptInsecureCerts: true, browserName: firefox, browserVersion: 128.0.3, moz:accessibilityChecks: false, moz:buildID: 20240725162350, moz:debuggerAddress: 127.0.0.1:15920, moz:geckodriverVersion: 0.35.0, moz:headless: false, moz:platformVersion: 10.0, moz:processID: 9124, moz:profile: C:\Users\Arthur\AppData\Loc..., moz:shutdownTimeout: 60000, moz:webdriverClick: true, moz:windowless: false, pageLoadStrategy: normal, platformName: windows, proxy: Proxy(), se:cdp: ws://127.0.0.1:15920/devtoo..., se:cdpVersion: 85.0, setWindowRect: true, strictFileInteractability: false, timeouts: {implicit: 0, pageLoad: 300000, script: 30000}, unhandledPromptBehavior: dismiss and notify, userAgent: Mozilla/5.0 (Windows NT 10....}&#10;Session ID: 533d3abf-5ea8-4eb6-855f-27801e8815d7" type="org.openqa.selenium.NoAlertPresentException">org.openqa.selenium.NoAlertPresentException: 
Build info: version: '4.23.0', revision: '4df0a231af'
System info: os.name: 'Windows 11', os.arch: 'amd64', os.version: '10.0', java.version: '22.0.2'
Driver info: org.openqa.selenium.firefox.FirefoxDriver
Command: [533d3abf-5ea8-4eb6-855f-27801e8815d7, getAlertText {}]
Capabilities {acceptInsecureCerts: true, browserName: firefox, browserVersion: 128.0.3, moz:accessibilityChecks: false, moz:buildID: 20240725162350, moz:debuggerAddress: 127.0.0.1:15920, moz:geckodriverVersion: 0.35.0, moz:headless: false, moz:platformVersion: 10.0, moz:processID: 9124, moz:profile: C:\Users\Arthur\AppData\Loc..., moz:shutdownTimeout: 60000, moz:webdriverClick: true, moz:windowless: false, pageLoadStrategy: normal, platformName: windows, proxy: Proxy(), se:cdp: ws://127.0.0.1:15920/devtoo..., se:cdpVersion: 85.0, setWindowRect: true, strictFileInteractability: false, timeouts: {implicit: 0, pageLoad: 300000, script: 30000}, unhandledPromptBehavior: dismiss and notify, userAgent: Mozilla/5.0 (Windows NT 10....}
Session ID: 533d3abf-5ea8-4eb6-855f-27801e8815d7
</error>
    <system-out><![CDATA[
Scenario: Verificar se o login obtem sucesso com usuário e senha corretos              &amp#27;[90m# src/test/resources/features/BasicAuth.feature:4&amp#27;[0m
  &amp#27;[32mGiven &amp#27;[0m&amp#27;[32meu acesso a pagina&amp#27;[0m                                                             &amp#27;[90m# com.steps.BasicAuthSteps.feuAcessoAPagina()&amp#27;[0m
  &amp#27;[32mWhen &amp#27;[0m&amp#27;[32meu informo o usuário &amp#27;[0m&amp#27;[32m&amp#27;[1m"<usuario>"&amp#27;[0m&amp#27;[32m e a senha &amp#27;[0m&amp#27;[32m&amp#27;[1m"<senha>"&amp#27;[0m                            &amp#27;[90m# com.steps.BasicAuthSteps.euInformoOUsuarioEASenha(java.lang.String,java.lang.String,io.cucumber.datatable.DataTable)&amp#27;[0m
    | usuario | senha |
    | admin   | admin |
admin
admin
  &amp#27;[31mAnd &amp#27;[0m&amp#27;[31mrealizo o login&amp#27;[0m                                                                  &amp#27;[90m# com.steps.BasicAuthSteps.realizoOLogin()&amp#27;[0m
      &amp#27;[31morg.openqa.selenium.NoAlertPresentException: Build info: version: '4.23.0', revision: '4df0a231af'
System info: os.name: 'Windows 11', os.arch: 'amd64', os.version: '10.0', java.version: '22.0.2'
Driver info: org.openqa.selenium.firefox.FirefoxDriver
Command: [533d3abf-5ea8-4eb6-855f-27801e8815d7, getAlertText {}]
Capabilities {acceptInsecureCerts: true, browserName: firefox, browserVersion: 128.0.3, moz:accessibilityChecks: false, moz:buildID: 20240725162350, moz:debuggerAddress: 127.0.0.1:15920, moz:geckodriverVersion: 0.35.0, moz:headless: false, moz:platformVersion: 10.0, moz:processID: 9124, moz:profile: C:\Users\Arthur\AppData\Loc..., moz:shutdownTimeout: 60000, moz:webdriverClick: true, moz:windowless: false, pageLoadStrategy: normal, platformName: windows, proxy: Proxy(), se:cdp: ws://127.0.0.1:15920/devtoo..., se:cdpVersion: 85.0, setWindowRect: true, strictFileInteractability: false, timeouts: {implicit: 0, pageLoad: 300000, script: 30000}, unhandledPromptBehavior: dismiss and notify, userAgent: Mozilla/5.0 (Windows NT 10....}
Session ID: 533d3abf-5ea8-4eb6-855f-27801e8815d7
	at java.base/jdk.internal.reflect.DirectConstructorHandleAccessor.newInstance(DirectConstructorHandleAccessor.java:62)
	at java.base/java.lang.reflect.Constructor.newInstanceWithCaller(Constructor.java:502)
	at java.base/java.lang.reflect.Constructor.newInstance(Constructor.java:486)
	at org.openqa.selenium.remote.ErrorCodec.decode(ErrorCodec.java:167)
	at org.openqa.selenium.remote.codec.w3c.W3CHttpResponseCodec.decode(W3CHttpResponseCodec.java:138)
	at org.openqa.selenium.remote.codec.w3c.W3CHttpResponseCodec.decode(W3CHttpResponseCodec.java:50)
	at org.openqa.selenium.remote.HttpCommandExecutor.execute(HttpCommandExecutor.java:190)
	at org.openqa.selenium.remote.service.DriverCommandExecutor.invokeExecute(DriverCommandExecutor.java:216)
	at org.openqa.selenium.remote.service.DriverCommandExecutor.execute(DriverCommandExecutor.java:174)
	at org.openqa.selenium.remote.RemoteWebDriver.execute(RemoteWebDriver.java:527)
	at org.openqa.selenium.remote.RemoteWebDriver.execute(RemoteWebDriver.java:600)
	at org.openqa.selenium.remote.RemoteWebDriver.execute(RemoteWebDriver.java:604)
	at org.openqa.selenium.remote.RemoteWebDriver$RemoteTargetLocator.alert(RemoteWebDriver.java:1172)
	at com.pages.BasicAuthPage.trocarFocusParaAlerta(BasicAuthPage.java:27)
	at com.pages.BasicAuthPage.cancelarAlerta(BasicAuthPage.java:35)
	at com.pages.BasicAuthPage.realizarLogin(BasicAuthPage.java:60)
	at com.steps.BasicAuthSteps.realizoOLogin(BasicAuthSteps.java:55)
	at ✽.realizo o login(file:///C:/Users/Arthur/Documents/the-internet-selenium-java/src/test/resources/features/BasicAuth.feature:9)
&amp#27;[0m
  &amp#27;[36mThen &amp#27;[0m&amp#27;[36meu devo ver a mensagem &amp#27;[0m&amp#27;[36m&amp#27;[1m"Congratulations! You must have the proper credentials."&amp#27;[0m &amp#27;[90m# com.steps.BasicAuthSteps.euDevoVerAMensagem(java.lang.String)&amp#27;[0m
]]></system-out>
  </testcase>
  <testcase name="Verificar se o login obtem erro com usuário e senha incorretos" classname="Pagina de Basic Auth" time="7.293">
    <error message="Build info: version: &apos;4.23.0&apos;, revision: &apos;4df0a231af&apos;&#10;System info: os.name: &apos;Windows 11&apos;, os.arch: &apos;amd64&apos;, os.version: &apos;10.0&apos;, java.version: &apos;22.0.2&apos;&#10;Driver info: org.openqa.selenium.firefox.FirefoxDriver&#10;Command: [22516a07-2b4f-48b8-aa75-2f0e33885fa1, getAlertText {}]&#10;Capabilities {acceptInsecureCerts: true, browserName: firefox, browserVersion: 128.0.3, moz:accessibilityChecks: false, moz:buildID: 20240725162350, moz:debuggerAddress: 127.0.0.1:32637, moz:geckodriverVersion: 0.35.0, moz:headless: false, moz:platformVersion: 10.0, moz:processID: 4132, moz:profile: C:\Users\Arthur\AppData\Loc..., moz:shutdownTimeout: 60000, moz:webdriverClick: true, moz:windowless: false, pageLoadStrategy: normal, platformName: windows, proxy: Proxy(), se:cdp: ws://127.0.0.1:32637/devtoo..., se:cdpVersion: 85.0, setWindowRect: true, strictFileInteractability: false, timeouts: {implicit: 0, pageLoad: 300000, script: 30000}, unhandledPromptBehavior: dismiss and notify, userAgent: Mozilla/5.0 (Windows NT 10....}&#10;Session ID: 22516a07-2b4f-48b8-aa75-2f0e33885fa1" type="org.openqa.selenium.NoAlertPresentException">org.openqa.selenium.NoAlertPresentException: 
Build info: version: '4.23.0', revision: '4df0a231af'
System info: os.name: 'Windows 11', os.arch: 'amd64', os.version: '10.0', java.version: '22.0.2'
Driver info: org.openqa.selenium.firefox.FirefoxDriver
Command: [22516a07-2b4f-48b8-aa75-2f0e33885fa1, getAlertText {}]
Capabilities {acceptInsecureCerts: true, browserName: firefox, browserVersion: 128.0.3, moz:accessibilityChecks: false, moz:buildID: 20240725162350, moz:debuggerAddress: 127.0.0.1:32637, moz:geckodriverVersion: 0.35.0, moz:headless: false, moz:platformVersion: 10.0, moz:processID: 4132, moz:profile: C:\Users\Arthur\AppData\Loc..., moz:shutdownTimeout: 60000, moz:webdriverClick: true, moz:windowless: false, pageLoadStrategy: normal, platformName: windows, proxy: Proxy(), se:cdp: ws://127.0.0.1:32637/devtoo..., se:cdpVersion: 85.0, setWindowRect: true, strictFileInteractability: false, timeouts: {implicit: 0, pageLoad: 300000, script: 30000}, unhandledPromptBehavior: dismiss and notify, userAgent: Mozilla/5.0 (Windows NT 10....}
Session ID: 22516a07-2b4f-48b8-aa75-2f0e33885fa1
</error>
    <system-out><![CDATA[
Scenario: Verificar se o login obtem erro com usuário e senha incorretos                           &amp#27;[90m# src/test/resources/features/BasicAuth.feature:12&amp#27;[0m
  &amp#27;[32mGiven &amp#27;[0m&amp#27;[32meu acesso a pagina&amp#27;[0m                                                                         &amp#27;[90m# com.steps.BasicAuthSteps.feuAcessoAPagina()&amp#27;[0m
  &amp#27;[32mWhen &amp#27;[0m&amp#27;[32meu informo o usuário &amp#27;[0m&amp#27;[32m&amp#27;[1m"<usuario>"&amp#27;[0m&amp#27;[32m e a senha &amp#27;[0m&amp#27;[32m&amp#27;[1m"<senha>"&amp#27;[0m                                        &amp#27;[90m# com.steps.BasicAuthSteps.euInformoOUsuarioEASenha(java.lang.String,java.lang.String,io.cucumber.datatable.DataTable)&amp#27;[0m
    | usuario | senha  |
    | admin   | admin1 |
    | admin1  | admin  |
    | admin   | admin  |
    | admin1  | admin1 |
admin
admin1
admin1
admin
admin
admin
  &amp#27;[31mAnd &amp#27;[0m&amp#27;[31mrealizo o login&amp#27;[0m                                                                              &amp#27;[90m# com.steps.BasicAuthSteps.realizoOLogin()&amp#27;[0m
      &amp#27;[31morg.openqa.selenium.NoAlertPresentException: Build info: version: '4.23.0', revision: '4df0a231af'
System info: os.name: 'Windows 11', os.arch: 'amd64', os.version: '10.0', java.version: '22.0.2'
Driver info: org.openqa.selenium.firefox.FirefoxDriver
Command: [22516a07-2b4f-48b8-aa75-2f0e33885fa1, getAlertText {}]
Capabilities {acceptInsecureCerts: true, browserName: firefox, browserVersion: 128.0.3, moz:accessibilityChecks: false, moz:buildID: 20240725162350, moz:debuggerAddress: 127.0.0.1:32637, moz:geckodriverVersion: 0.35.0, moz:headless: false, moz:platformVersion: 10.0, moz:processID: 4132, moz:profile: C:\Users\Arthur\AppData\Loc..., moz:shutdownTimeout: 60000, moz:webdriverClick: true, moz:windowless: false, pageLoadStrategy: normal, platformName: windows, proxy: Proxy(), se:cdp: ws://127.0.0.1:32637/devtoo..., se:cdpVersion: 85.0, setWindowRect: true, strictFileInteractability: false, timeouts: {implicit: 0, pageLoad: 300000, script: 30000}, unhandledPromptBehavior: dismiss and notify, userAgent: Mozilla/5.0 (Windows NT 10....}
Session ID: 22516a07-2b4f-48b8-aa75-2f0e33885fa1
	at java.base/jdk.internal.reflect.DirectConstructorHandleAccessor.newInstance(DirectConstructorHandleAccessor.java:62)
	at java.base/java.lang.reflect.Constructor.newInstanceWithCaller(Constructor.java:502)
	at java.base/java.lang.reflect.Constructor.newInstance(Constructor.java:486)
	at org.openqa.selenium.remote.ErrorCodec.decode(ErrorCodec.java:167)
	at org.openqa.selenium.remote.codec.w3c.W3CHttpResponseCodec.decode(W3CHttpResponseCodec.java:138)
	at org.openqa.selenium.remote.codec.w3c.W3CHttpResponseCodec.decode(W3CHttpResponseCodec.java:50)
	at org.openqa.selenium.remote.HttpCommandExecutor.execute(HttpCommandExecutor.java:190)
	at org.openqa.selenium.remote.service.DriverCommandExecutor.invokeExecute(DriverCommandExecutor.java:216)
	at org.openqa.selenium.remote.service.DriverCommandExecutor.execute(DriverCommandExecutor.java:174)
	at org.openqa.selenium.remote.RemoteWebDriver.execute(RemoteWebDriver.java:527)
	at org.openqa.selenium.remote.RemoteWebDriver.execute(RemoteWebDriver.java:600)
	at org.openqa.selenium.remote.RemoteWebDriver.execute(RemoteWebDriver.java:604)
	at org.openqa.selenium.remote.RemoteWebDriver$RemoteTargetLocator.alert(RemoteWebDriver.java:1172)
	at com.pages.BasicAuthPage.trocarFocusParaAlerta(BasicAuthPage.java:27)
	at com.pages.BasicAuthPage.cancelarAlerta(BasicAuthPage.java:35)
	at com.pages.BasicAuthPage.realizarLogin(BasicAuthPage.java:60)
	at com.steps.BasicAuthSteps.realizoOLogin(BasicAuthSteps.java:55)
	at ✽.realizo o login(file:///C:/Users/Arthur/Documents/the-internet-selenium-java/src/test/resources/features/BasicAuth.feature:20)
&amp#27;[0m
  &amp#27;[36mThen &amp#27;[0m&amp#27;[36meu devo ver a mensagem &amp#27;[0m&amp#27;[36m&amp#27;[1m"Your browser made a request that this server could not understand."&amp#27;[0m &amp#27;[90m# com.steps.BasicAuthSteps.euDevoVerAMensagem(java.lang.String)&amp#27;[0m
]]></system-out>
  </testcase>
  <testcase name="Verificar se o login obtem erro com usuário e senha em branco" classname="Pagina de Basic Auth" time="4.284">
    <failure message="expected:&lt;[Congratulations! You must have the proper credentials.]&gt; but was:&lt;[]&gt;" type="org.junit.ComparisonFailure"><![CDATA[org.junit.ComparisonFailure: expected:<[Congratulations! You must have the proper credentials.]> but was:<[]>
]]></failure>
    <system-out><![CDATA[
Scenario: Verificar se o login obtem erro com usuário e senha em branco                            &amp#27;[90m# src/test/resources/features/BasicAuth.feature:24&amp#27;[0m
  &amp#27;[32mGiven &amp#27;[0m&amp#27;[32meu acesso a pagina&amp#27;[0m                                                                         &amp#27;[90m# com.steps.BasicAuthSteps.feuAcessoAPagina()&amp#27;[0m
  &amp#27;[32mWhen &amp#27;[0m&amp#27;[32meu informo o usuário &amp#27;[0m&amp#27;[32m&amp#27;[1m"<usuario>"&amp#27;[0m&amp#27;[32m e a senha &amp#27;[0m&amp#27;[32m&amp#27;[1m"<senha>"&amp#27;[0m                                        &amp#27;[90m# com.steps.BasicAuthSteps.euInformoOUsuarioEASenha(java.lang.String,java.lang.String,io.cucumber.datatable.DataTable)&amp#27;[0m
    | usuario | senha   |
    | [empty] | admin   |
    | admin   | [empty] |
    | [empty] | [empty] |
null
admin
admin
null
null
null
  &amp#27;[31mAnd &amp#27;[0m&amp#27;[31mrealizo o login&amp#27;[0m                                                                              &amp#27;[90m# com.steps.BasicAuthSteps.realizoOLogin()&amp#27;[0m
      &amp#27;[31morg.junit.ComparisonFailure: expected:<[Congratulations! You must have the proper credentials.]> but was:<[]>
	at org.junit.Assert.assertEquals(Assert.java:117)
	at org.junit.Assert.assertEquals(Assert.java:146)
	at com.steps.BasicAuthSteps.euDevoVerAMensagem(BasicAuthSteps.java:46)
	at com.steps.BasicAuthSteps.realizoOLogin(BasicAuthSteps.java:56)
	at ✽.realizo o login(file:///C:/Users/Arthur/Documents/the-internet-selenium-java/src/test/resources/features/BasicAuth.feature:31)
&amp#27;[0m
  &amp#27;[36mThen &amp#27;[0m&amp#27;[36meu devo ver a mensagem &amp#27;[0m&amp#27;[36m&amp#27;[1m"Your browser made a request that this server could not understand."&amp#27;[0m &amp#27;[90m# com.steps.BasicAuthSteps.euDevoVerAMensagem(java.lang.String)&amp#27;[0m
]]></system-out>
  </testcase>
  <testcase name="Verificar se o login obtem erro com usuário e senha nulos" classname="Pagina de Basic Auth" time="4.264">
    <failure message="expected:&lt;[Congratulations! You must have the proper credentials.]&gt; but was:&lt;[]&gt;" type="org.junit.ComparisonFailure"><![CDATA[org.junit.ComparisonFailure: expected:<[Congratulations! You must have the proper credentials.]> but was:<[]>
]]></failure>
    <system-out><![CDATA[
Scenario: Verificar se o login obtem erro com usuário e senha nulos                                &amp#27;[90m# src/test/resources/features/BasicAuth.feature:34&amp#27;[0m
  &amp#27;[32mGiven &amp#27;[0m&amp#27;[32meu acesso a pagina&amp#27;[0m                                                                         &amp#27;[90m# com.steps.BasicAuthSteps.feuAcessoAPagina()&amp#27;[0m
  &amp#27;[32mWhen &amp#27;[0m&amp#27;[32meu informo o usuário &amp#27;[0m&amp#27;[32m&amp#27;[1m"<usuario>"&amp#27;[0m&amp#27;[32m e a senha &amp#27;[0m&amp#27;[32m&amp#27;[1m"<senha>"&amp#27;[0m                                        &amp#27;[90m# com.steps.BasicAuthSteps.euInformoOUsuarioEASenha(java.lang.String,java.lang.String,io.cucumber.datatable.DataTable)&amp#27;[0m
    | usuario | senha |
    | null    | admin |
    | admin   | null  |
    | null    | null  |
null
admin
admin
null
null
null
  &amp#27;[31mAnd &amp#27;[0m&amp#27;[31mrealizo o login&amp#27;[0m                                                                              &amp#27;[90m# com.steps.BasicAuthSteps.realizoOLogin()&amp#27;[0m
      &amp#27;[31morg.junit.ComparisonFailure: expected:<[Congratulations! You must have the proper credentials.]> but was:<[]>
	at org.junit.Assert.assertEquals(Assert.java:117)
	at org.junit.Assert.assertEquals(Assert.java:146)
	at com.steps.BasicAuthSteps.euDevoVerAMensagem(BasicAuthSteps.java:46)
	at com.steps.BasicAuthSteps.realizoOLogin(BasicAuthSteps.java:56)
	at ✽.realizo o login(file:///C:/Users/Arthur/Documents/the-internet-selenium-java/src/test/resources/features/BasicAuth.feature:41)
&amp#27;[0m
  &amp#27;[36mThen &amp#27;[0m&amp#27;[36meu devo ver a mensagem &amp#27;[0m&amp#27;[36m&amp#27;[1m"Your browser made a request that this server could not understand."&amp#27;[0m &amp#27;[90m# com.steps.BasicAuthSteps.euDevoVerAMensagem(java.lang.String)&amp#27;[0m
]]></system-out>
  </testcase>
  <testcase name="Verificar se as imagens estão quebradas" classname="Broken Images" time="6.045"/>
  <testcase name="Verificar se as imagens não estão quebradas" classname="Broken Images" time="6.011">
    <failure type="java.lang.AssertionError">java.lang.AssertionError
</failure>
    <system-out><![CDATA[
Scenario: Verificar se as imagens não estão quebradas                         &amp#27;[90m# src/test/resources/features/BrokenImages.feature:10&amp#27;[0m
  &amp#27;[32mGiven &amp#27;[0m&amp#27;[32meu acesso a página &amp#27;[0m&amp#27;[32m&amp#27;[1m"https://the-internet.herokuapp.com/broken_images"&amp#27;[0m &amp#27;[90m# com.steps.BrokenImagesSteps.eu_acesso_a_pagina(java.lang.String)&amp#27;[0m
  &amp#27;[32mWhen &amp#27;[0m&amp#27;[32meu verifico cada imagem na pagina&amp#27;[0m                                      &amp#27;[90m# com.steps.BrokenImagesSteps.eu_verifico_cada_imagem_na_pagina()&amp#27;[0m
  &amp#27;[31mThen &amp#27;[0m&amp#27;[31meu nao devo ver imagens quebradas&amp#27;[0m                                      &amp#27;[90m# com.steps.BrokenImagesSteps.eu_nao_devo_ver_imagens_quebradas()&amp#27;[0m
      &amp#27;[31mjava.lang.AssertionError
	at org.junit.Assert.fail(Assert.java:87)
	at org.junit.Assert.assertTrue(Assert.java:42)
	at org.junit.Assert.assertFalse(Assert.java:65)
	at org.junit.Assert.assertFalse(Assert.java:75)
	at com.steps.BrokenImagesSteps.eu_nao_devo_ver_imagens_quebradas(BrokenImagesSteps.java:51)
	at ✽.eu nao devo ver imagens quebradas(file:///C:/Users/Arthur/Documents/the-internet-selenium-java/src/test/resources/features/BrokenImages.feature:13)
&amp#27;[0m
]]></system-out>
  </testcase>
  <testcase name="Verificar se todas as imagens têm o mesmo tamanho" classname="Broken Images" time="6.123"/>
  <testcase name="Verificar se todas as imagens têm tamanhos diferentes" classname="Broken Images" time="6.099">
    <failure type="java.lang.AssertionError">java.lang.AssertionError
</failure>
    <system-out><![CDATA[
Scenario: Verificar se todas as imagens têm tamanhos diferentes               &amp#27;[90m# src/test/resources/features/BrokenImages.feature:20&amp#27;[0m
  &amp#27;[32mGiven &amp#27;[0m&amp#27;[32meu acesso a página &amp#27;[0m&amp#27;[32m&amp#27;[1m"https://the-internet.herokuapp.com/broken_images"&amp#27;[0m &amp#27;[90m# com.steps.BrokenImagesSteps.eu_acesso_a_pagina(java.lang.String)&amp#27;[0m
  &amp#27;[32mWhen &amp#27;[0m&amp#27;[32meu verifico a altura e a largura de cada imagem&amp#27;[0m                        &amp#27;[90m# com.steps.BrokenImagesSteps.eu_verifico_a_altura_e_a_largura_de_cada_imagem()&amp#27;[0m
  &amp#27;[31mThen &amp#27;[0m&amp#27;[31meu devo ver que as imagens tem tamanhos diferentes&amp#27;[0m                     &amp#27;[90m# com.steps.BrokenImagesSteps.eu_devo_ver_que_as_imagens_tem_tamanhos_diferentes()&amp#27;[0m
      &amp#27;[31mjava.lang.AssertionError
	at org.junit.Assert.fail(Assert.java:87)
	at org.junit.Assert.assertTrue(Assert.java:42)
	at org.junit.Assert.assertFalse(Assert.java:65)
	at org.junit.Assert.assertFalse(Assert.java:75)
	at com.steps.BrokenImagesSteps.eu_devo_ver_que_as_imagens_tem_tamanhos_diferentes(BrokenImagesSteps.java:69)
	at ✽.eu devo ver que as imagens tem tamanhos diferentes(file:///C:/Users/Arthur/Documents/the-internet-selenium-java/src/test/resources/features/BrokenImages.feature:23)
&amp#27;[0m
]]></system-out>
  </testcase>
  <testcase name="Verificar se há imagens na tela" classname="Broken Images" time="5.951"/>
  <testcase name="Acessar a página de imagens quebradas com sucesso" classname="Broken Images" time="5.959"/>
</testsuite>